<?xml version="1.0" encoding="UTF-8"?>
<!-- Generated by org.testng.reporters.JUnitReportReporter -->
<testsuite hostname="DESKTOP-CNH57O0" failures="0" tests="3" name="MohamedHafdi.Tests.SubmitOrderTest" time="69.171" errors="0" timestamp="2025-04-07T12:53:12 GMT+01:00" skipped="0">
  <testcase classname="MohamedHafdi.Tests.SubmitOrderTest" name="submitOrder" time="30.341"/>
  <testcase classname="MohamedHafdi.Tests.SubmitOrderTest" name="submitOrder" time="14.582"/>
  <testcase classname="MohamedHafdi.Tests.SubmitOrderTest" name="orderHistoryTest" time="24.248"/>
</testsuite> <!-- MohamedHafdi.Tests.SubmitOrderTest -->
