<?xml version="1.0" encoding="UTF-8"?>
<!-- Generated by org.testng.reporters.JUnitReportReporter -->
<testsuite hostname="DESKTOP-CNH57O0" failures="0" tests="3" name="MohamedHafdi.Tests.SubmitOrderTest" time="68.013" errors="0" timestamp="2025-04-07T13:17:53 GMT+01:00" skipped="0">
  <testcase classname="MohamedHafdi.Tests.SubmitOrderTest" name="orderHistoryTest" time="12.902"/>
  <testcase classname="MohamedHafdi.Tests.SubmitOrderTest" name="submitOrder" time="25.558"/>
  <testcase classname="MohamedHafdi.Tests.SubmitOrderTest" name="submitOrder" time="29.553"/>
</testsuite> <!-- MohamedHafdi.Tests.SubmitOrderTest -->
